-------------------------------------------------------------------------------
Test set: BankSingletonTest
-------------------------------------------------------------------------------
Tests run: 1, Failures: 0, Errors: 1, Skipped: 0, Time elapsed: 0.005 sec <<< FAILURE!
shouldAlwaysReturnTheSameInstance(BankSingletonTest)  Time elapsed: 0.005 sec  <<< ERROR!
java.sql.SQLException: SQL statement failed: CREATE TABLE `user` (`id` INTEGER AUTO_INCREMENT , `name` VARCHAR(255) NOT NULL ,  UNIQUE (`name`), PRIMARY KEY (`id`) ) 
	at com.j256.ormlite.misc.SqlExceptionUtil.create(SqlExceptionUtil.java:25)
	at com.j256.ormlite.table.TableUtils.doStatements(TableUtils.java:423)
	at com.j256.ormlite.table.TableUtils.doCreateTable(TableUtils.java:399)
	at com.j256.ormlite.table.TableUtils.doCreateTable(TableUtils.java:383)
	at com.j256.ormlite.table.TableUtils.createTable(TableUtils.java:55)
	at SetupData.setupDatabase(SetupData.java:47)
	at BankServiceBuilder.build(BankServiceBuilder.java:39)
	at BankSingleton.getInstance(BankSingleton.java:14)
	at BankSingletonTest.shouldAlwaysReturnTheSameInstance(BankSingletonTest.java:11)
	at java.base/jdk.internal.reflect.NativeMethodAccessorImpl.invoke0(Native Method)
	at java.base/jdk.internal.reflect.NativeMethodAccessorImpl.invoke(NativeMethodAccessorImpl.java:62)
	at java.base/jdk.internal.reflect.DelegatingMethodAccessorImpl.invoke(DelegatingMethodAccessorImpl.java:43)
	at java.base/java.lang.reflect.Method.invoke(Method.java:566)
	at org.junit.runners.model.FrameworkMethod$1.runReflectiveCall(FrameworkMethod.java:50)
	at org.junit.internal.runners.model.ReflectiveCallable.run(ReflectiveCallable.java:12)
	at org.junit.runners.model.FrameworkMethod.invokeExplosively(FrameworkMethod.java:47)
	at org.junit.internal.runners.statements.InvokeMethod.evaluate(InvokeMethod.java:17)
	at org.junit.runners.ParentRunner.runLeaf(ParentRunner.java:325)
	at org.junit.runners.BlockJUnit4ClassRunner.runChild(BlockJUnit4ClassRunner.java:78)
	at org.junit.runners.BlockJUnit4ClassRunner.runChild(BlockJUnit4ClassRunner.java:57)
	at org.junit.runners.ParentRunner$3.run(ParentRunner.java:290)
	at org.junit.runners.ParentRunner$1.schedule(ParentRunner.java:71)
	at org.junit.runners.ParentRunner.runChildren(ParentRunner.java:288)
	at org.junit.runners.ParentRunner.access$000(ParentRunner.java:58)
	at org.junit.runners.ParentRunner$2.evaluate(ParentRunner.java:268)
	at org.junit.runners.ParentRunner.run(ParentRunner.java:363)
	at org.apache.maven.surefire.junit4.JUnit4Provider.execute(JUnit4Provider.java:252)
	at org.apache.maven.surefire.junit4.JUnit4Provider.executeTestSet(JUnit4Provider.java:141)
	at org.apache.maven.surefire.junit4.JUnit4Provider.invoke(JUnit4Provider.java:112)
	at java.base/jdk.internal.reflect.NativeMethodAccessorImpl.invoke0(Native Method)
	at java.base/jdk.internal.reflect.NativeMethodAccessorImpl.invoke(NativeMethodAccessorImpl.java:62)
	at java.base/jdk.internal.reflect.DelegatingMethodAccessorImpl.invoke(DelegatingMethodAccessorImpl.java:43)
	at java.base/java.lang.reflect.Method.invoke(Method.java:566)
	at org.apache.maven.surefire.util.ReflectionUtils.invokeMethodWithArray(ReflectionUtils.java:189)
	at org.apache.maven.surefire.booter.ProviderFactory$ProviderProxy.invoke(ProviderFactory.java:165)
	at org.apache.maven.surefire.booter.ProviderFactory.invokeProvider(ProviderFactory.java:85)
	at org.apache.maven.surefire.booter.ForkedBooter.runSuitesInProcess(ForkedBooter.java:115)
	at org.apache.maven.surefire.booter.ForkedBooter.main(ForkedBooter.java:75)
Caused by: org.h2.jdbc.JdbcSQLException: Table "USER" already exists; SQL statement:
CREATE TABLE `user` (`id` INTEGER AUTO_INCREMENT , `name` VARCHAR(255) NOT NULL ,  UNIQUE (`name`), PRIMARY KEY (`id`) )  [42101-190]
	at org.h2.message.DbException.getJdbcSQLException(DbException.java:345)
	at org.h2.message.DbException.get(DbException.java:179)
	at org.h2.message.DbException.get(DbException.java:155)
	at org.h2.command.ddl.CreateTable.update(CreateTable.java:115)
	at org.h2.command.CommandContainer.update(CommandContainer.java:78)
	at org.h2.command.Command.executeUpdate(Command.java:253)
	at org.h2.jdbc.JdbcPreparedStatement.execute(JdbcPreparedStatement.java:198)
	at com.j256.ormlite.jdbc.JdbcCompiledStatement.runExecute(JdbcCompiledStatement.java:71)
	at com.j256.ormlite.table.TableUtils.doStatements(TableUtils.java:417)
	... 36 more

